<?xml version="1.0" encoding="UTF-8"?>
<!-- Generated by org.testng.reporters.JUnitXMLReporter -->
<testsuite ignored="4" hostname="LTIN282895" failures="0" tests="9" name="Test1" time="92.939" errors="0" timestamp="2024-02-26T14:49:46 IST">
  <testcase classname="testCases.BeCognizant" name="getInfo" time="38.772"/>
  <testcase classname="testCases.BeCognizant" name="verifyOneCogni" time="10.64"/>
  <testcase classname="testCases.OneCognizant" name="searchTruTime" time="19.063"/>
  <testcase classname="testCases.OneCognizant" name="validateTruTimePage" time="10.319"/>
  <testcase classname="testCases.TruTime" name="validateCurrentMonthAndYear" time="0.385"/>
  <testcase classname="testCases.TruTime" name="validateBackDatedTopUp" time="0.144"/>
  <testcase classname="testCases.TruTime" name="printLegends" time="1.221"/>
  <testcase classname="testCases.TruTime" name="validateCurrentHighlightedDate" time="0.13"/>
  <testcase classname="testCases.TruTime" name="validateTruTimeDates" time="0.276"/>
  <testcase classname="testBase.BaseTest" name="@BeforeTest setup" time="0.0">
    <ignored/>
  </testcase> <!-- @BeforeTest setup -->
  <testcase classname="testBase.BaseTest" name="@BeforeTest setup" time="0.0">
    <ignored/>
  </testcase> <!-- @BeforeTest setup -->
  <testcase classname="testBase.BaseTest" name="@AfterTest tearDown" time="0.0">
    <ignored/>
  </testcase> <!-- @AfterTest tearDown -->
  <testcase classname="testBase.BaseTest" name="@AfterTest tearDown" time="0.0">
    <ignored/>
  </testcase> <!-- @AfterTest tearDown -->
</testsuite> <!-- Test1 -->
