<?xml version="1.0" encoding="UTF-8"?>
<!-- Generated by org.testng.reporters.JUnitXMLReporter -->
<testsuite ignored="4" hostname="LTIN282895" failures="0" tests="9" name="Test1" time="99.26" errors="0" timestamp="2024-02-26T15:34:46 IST">
  <testcase classname="testCases.BeCognizant" name="getInfo" time="34.649"/>
  <testcase classname="testCases.BeCognizant" name="verifyOneCogni" time="11.831"/>
  <testcase classname="testCases.OneCognizant" name="searchTruTime" time="20.708"/>
  <testcase classname="testCases.OneCognizant" name="validateTruTimePage" time="10.339"/>
  <testcase classname="testCases.TruTime" name="validateCurrentMonthAndYear" time="0.198"/>
  <testcase classname="testCases.TruTime" name="validateBackDatedTopUp" time="0.109"/>
  <testcase classname="testCases.TruTime" name="printLegends" time="1.759"/>
  <testcase classname="testCases.TruTime" name="validateCurrentHighlightedDate" time="0.192"/>
  <testcase classname="testCases.TruTime" name="validateTruTimeDates" time="0.29"/>
  <testcase classname="testBase.BaseTest" name="@BeforeTest setup" time="0.0">
    <ignored/>
  </testcase> <!-- @BeforeTest setup -->
  <testcase classname="testBase.BaseTest" name="@BeforeTest setup" time="0.0">
    <ignored/>
  </testcase> <!-- @BeforeTest setup -->
  <testcase classname="testBase.BaseTest" name="@AfterTest tearDown" time="0.0">
    <ignored/>
  </testcase> <!-- @AfterTest tearDown -->
  <testcase classname="testBase.BaseTest" name="@AfterTest tearDown" time="0.0">
    <ignored/>
  </testcase> <!-- @AfterTest tearDown -->
</testsuite> <!-- Test1 -->
