<?xml version="1.0" encoding="UTF-8"?>
<!-- Generated by org.testng.reporters.JUnitXMLReporter -->
<testsuite ignored="6" hostname="LTIN484790" failures="0" tests="9" name="Test" time="70.321" errors="0" timestamp="2024-02-10T15:20:24 IST">
  <testcase classname="testCases.BeCognizant" name="getInfo" time="18.69"/>
  <testcase classname="testCases.BeCognizant" name="verifyOneCogni" time="10.412"/>
  <testcase classname="testCases.OneCognizant" name="searchTruTime" time="29.731"/>
  <testcase classname="testCases.OneCognizant" name="validateTruTimePage" time="10.234"/>
  <testcase classname="testCases.TruTime" name="validateCurrentMonthAndYear" time="0.093"/>
  <testcase classname="testCases.TruTime" name="validateBackDatedTopUp" time="0.067"/>
  <testcase classname="testCases.TruTime" name="printLegends" time="0.703"/>
  <testcase classname="testCases.TruTime" name="validateCurrentHighlightedDate" time="0.083"/>
  <testcase classname="testCases.TruTime" name="validateTruTimeDates" time="0.219"/>
  <testcase classname="testCases.BaseTest" name="@BeforeSuite setup" time="0.0">
    <ignored/>
  </testcase> <!-- @BeforeSuite setup -->
  <testcase classname="testCases.BaseTest" name="@AfterSuite tearDown" time="0.0">
    <ignored/>
  </testcase> <!-- @AfterSuite tearDown -->
  <testcase classname="testCases.BaseTest" name="@AfterSuite tearDown" time="0.0">
    <ignored/>
  </testcase> <!-- @AfterSuite tearDown -->
  <testcase classname="testCases.BaseTest" name="@BeforeSuite setup" time="0.0">
    <ignored/>
  </testcase> <!-- @BeforeSuite setup -->
  <testcase classname="testCases.BaseTest" name="@BeforeSuite setup" time="0.0">
    <ignored/>
  </testcase> <!-- @BeforeSuite setup -->
  <testcase classname="testCases.BaseTest" name="@AfterSuite tearDown" time="0.0">
    <ignored/>
  </testcase> <!-- @AfterSuite tearDown -->
</testsuite> <!-- Test -->
