<?xml version="1.0" encoding="UTF-8"?>
<testng-results ignored="0" total="9" passed="9" failed="0" skipped="0">
  <reporter-output>
  </reporter-output>
  <suite started-at="2024-02-26T15:33:06 IST" name="Suite" finished-at="2024-02-26T15:34:45 IST" duration-ms="99260">
    <groups>
    </groups>
    <test started-at="2024-02-26T15:33:06 IST" name="Test1" finished-at="2024-02-26T15:34:45 IST" duration-ms="99260">
      <class name="testCases.BeCognizant">
        <test-method is-config="true" signature="setup(java.lang.String)[pri:0, instance:testCases.BeCognizant@22fcf7ab]" started-at="2024-02-26T15:33:07 IST" name="setup" finished-at="2024-02-26T15:33:25 IST" duration-ms="17630" status="PASS">
          <params>
            <param index="0">
              <value>
                <![CDATA[chrome]]>
              </value>
            </param>
          </params>
          <reporter-output>
          </reporter-output>
        </test-method> <!-- setup -->
        <test-method signature="getInfo()[pri:1, instance:testCases.BeCognizant@22fcf7ab]" started-at="2024-02-26T15:33:25 IST" name="getInfo" finished-at="2024-02-26T15:33:59 IST" duration-ms="34649" status="PASS">
          <reporter-output>
          </reporter-output>
        </test-method> <!-- getInfo -->
        <test-method signature="verifyOneCogni()[pri:2, instance:testCases.BeCognizant@22fcf7ab]" started-at="2024-02-26T15:33:59 IST" name="verifyOneCogni" finished-at="2024-02-26T15:34:11 IST" depends-on-methods="testCases.BeCognizant.getInfo" duration-ms="11831" status="PASS">
          <reporter-output>
          </reporter-output>
        </test-method> <!-- verifyOneCogni -->
        <test-method is-config="true" signature="tearDown()[pri:0, instance:testCases.BeCognizant@22fcf7ab]" started-at="2024-02-26T15:34:45 IST" name="tearDown" finished-at="2024-02-26T15:34:45 IST" duration-ms="1" status="PASS">
          <reporter-output>
          </reporter-output>
        </test-method> <!-- tearDown -->
      </class> <!-- testCases.BeCognizant -->
      <class name="testCases.TruTime">
        <test-method signature="validateCurrentMonthAndYear()[pri:1, instance:testCases.TruTime@7d8704ef]" started-at="2024-02-26T15:34:42 IST" name="validateCurrentMonthAndYear" finished-at="2024-02-26T15:34:43 IST" duration-ms="198" status="PASS">
          <reporter-output>
          </reporter-output>
        </test-method> <!-- validateCurrentMonthAndYear -->
        <test-method signature="validateBackDatedTopUp()[pri:2, instance:testCases.TruTime@7d8704ef]" started-at="2024-02-26T15:34:43 IST" name="validateBackDatedTopUp" finished-at="2024-02-26T15:34:43 IST" duration-ms="109" status="PASS">
          <reporter-output>
          </reporter-output>
        </test-method> <!-- validateBackDatedTopUp -->
        <test-method signature="printLegends()[pri:3, instance:testCases.TruTime@7d8704ef]" started-at="2024-02-26T15:34:43 IST" name="printLegends" finished-at="2024-02-26T15:34:44 IST" duration-ms="1759" status="PASS">
          <reporter-output>
          </reporter-output>
        </test-method> <!-- printLegends -->
        <test-method signature="validateCurrentHighlightedDate()[pri:4, instance:testCases.TruTime@7d8704ef]" started-at="2024-02-26T15:34:44 IST" name="validateCurrentHighlightedDate" finished-at="2024-02-26T15:34:45 IST" duration-ms="192" status="PASS">
          <reporter-output>
          </reporter-output>
        </test-method> <!-- validateCurrentHighlightedDate -->
        <test-method signature="validateTruTimeDates()[pri:5, instance:testCases.TruTime@7d8704ef]" started-at="2024-02-26T15:34:45 IST" name="validateTruTimeDates" finished-at="2024-02-26T15:34:45 IST" duration-ms="290" status="PASS">
          <reporter-output>
          </reporter-output>
        </test-method> <!-- validateTruTimeDates -->
      </class> <!-- testCases.TruTime -->
      <class name="testCases.OneCognizant">
        <test-method signature="searchTruTime()[pri:1, instance:testCases.OneCognizant@609cd4d8]" started-at="2024-02-26T15:34:11 IST" name="searchTruTime" finished-at="2024-02-26T15:34:32 IST" duration-ms="20708" status="PASS">
          <reporter-output>
          </reporter-output>
        </test-method> <!-- searchTruTime -->
        <test-method signature="validateTruTimePage()[pri:2, instance:testCases.OneCognizant@609cd4d8]" started-at="2024-02-26T15:34:32 IST" name="validateTruTimePage" finished-at="2024-02-26T15:34:42 IST" depends-on-methods="testCases.OneCognizant.searchTruTime" duration-ms="10339" status="PASS">
          <reporter-output>
          </reporter-output>
        </test-method> <!-- validateTruTimePage -->
      </class> <!-- testCases.OneCognizant -->
    </test> <!-- Test1 -->
  </suite> <!-- Suite -->
</testng-results>
